<?xml version="1.0" encoding="UTF-8"?>
<!-- Generated by org.testng.reporters.JUnitReportReporter -->
<testsuite hostname="PC-20150728SOSQ" name="BaiduSearch" tests="2" failures="0" timestamp="28 Aug 2015 07:34:46 GMT" time="7.820" errors="0">
  <testcase name="SearchBaidu" time="4.716" classname="BaiduSearch"/>
  <testcase name="SearchBaidu" time="3.104" classname="BaiduSearch"/>
</testsuite>
